2025/05/27 08:05:24 [notice] 49#49: signal process started
2025/05/27 08:05:28 [notice] 51#51: signal process started
2025/05/27 08:05:36 [notice] 53#53: signal process started
2025/05/27 08:05:37 [notice] 55#55: signal process started
2025/06/30 09:03:31 [emerg] 1#1: host not found in upstream "public_blue:3000" in /etc/nginx/nginx.conf:10
2025/06/30 10:24:17 [emerg] 1#1: host not found in upstream "public_blue:3000" in /etc/nginx/nginx.conf:10
2025/06/30 10:29:53 [emerg] 1#1: host not found in upstream "public_green:3000" in /etc/nginx/nginx.conf:14
2025/06/30 10:30:02 [emerg] 1#1: host not found in upstream "public_green:3000" in /etc/nginx/nginx.conf:14
2025/06/30 10:35:14 [emerg] 1#1: host not found in upstream "public_green:3000" in /etc/nginx/nginx.conf:14
2025/06/30 10:35:34 [emerg] 1#1: host not found in upstream "public_green:3000" in /etc/nginx/nginx.conf:14
2025/06/30 10:39:36 [emerg] 1#1: host not found in upstream "public_green:3000" in /etc/nginx/nginx.conf:14
2025/06/30 10:40:47 [emerg] 1#1: host not found in upstream "public_green:3000" in /etc/nginx/nginx.conf:14
2025/06/30 10:43:31 [emerg] 1#1: host not found in upstream "public_green:3000" in /etc/nginx/nginx.conf:14
2025/06/30 10:43:36 [emerg] 1#1: host not found in upstream "public_green:3000" in /etc/nginx/nginx.conf:14
2025/06/30 10:44:01 [emerg] 1#1: host not found in upstream "public_green:3000" in /etc/nginx/nginx.conf:14
2025/06/30 10:46:52 [emerg] 1#1: host not found in upstream "public_green:3000" in /etc/nginx/nginx.conf:14
2025/06/30 10:47:33 [emerg] 1#1: host not found in upstream "public_green:3000" in /etc/nginx/nginx.conf:14
2025/06/30 10:49:49 [emerg] 1#1: host not found in upstream "public_green:3000" in /etc/nginx/nginx.conf:14
2025/06/30 10:49:57 [emerg] 1#1: host not found in upstream "public_green:3000" in /etc/nginx/nginx.conf:14
2025/06/30 10:50:41 [emerg] 1#1: host not found in upstream "public_green:3000" in /etc/nginx/nginx.conf:14
2025/06/30 10:53:18 [emerg] 1#1: host not found in upstream "public_green:3000" in /etc/nginx/nginx.conf:14
2025/06/30 10:56:00 [emerg] 1#1: host not found in upstream "public_green:3000" in /etc/nginx/nginx.conf:14
2025/06/30 10:56:19 [emerg] 1#1: host not found in upstream "public_green:3000" in /etc/nginx/nginx.conf:14
2025/06/30 10:56:32 [emerg] 1#1: host not found in upstream "public_green:3000" in /etc/nginx/nginx.conf:14
2025/06/30 10:57:58 [emerg] 1#1: host not found in upstream "public_green:3000" in /etc/nginx/nginx.conf:14
2025/06/30 11:01:50 [emerg] 1#1: host not found in upstream "public_green:3000" in /etc/nginx/nginx.conf:14
2025/06/30 11:04:00 [notice] 1#1: using the "epoll" event method
2025/06/30 11:04:00 [notice] 1#1: nginx/1.29.0
2025/06/30 11:04:00 [notice] 1#1: built by gcc 14.2.0 (Alpine 14.2.0) 
2025/06/30 11:04:00 [notice] 1#1: OS: Linux 6.10.14-linuxkit
2025/06/30 11:04:00 [notice] 1#1: getrlimit(RLIMIT_NOFILE): 1048576:1048576
2025/06/30 11:04:00 [notice] 1#1: start worker processes
2025/06/30 11:04:00 [notice] 1#1: start worker process 30
2025/06/30 11:04:00 [notice] 1#1: start worker process 31
2025/06/30 11:04:00 [notice] 1#1: start worker process 32
2025/06/30 11:04:00 [notice] 1#1: start worker process 33
2025/06/30 11:04:00 [notice] 1#1: start worker process 34
2025/06/30 11:04:00 [notice] 1#1: start worker process 35
2025/06/30 11:04:00 [notice] 1#1: start worker process 36
2025/06/30 11:04:00 [notice] 1#1: start worker process 37
2025/06/30 11:04:27 [error] 31#31: *1 open() "/usr/share/nginx/html/favicon.ico" failed (2: No such file or directory), client: 172.18.0.1, server: localhost, request: "GET /favicon.ico HTTP/1.1", host: "localhost", referrer: "http://localhost/"
2025/06/30 11:10:04 [notice] 1#1: signal 15 (SIGTERM) received, exiting
2025/06/30 11:10:04 [notice] 30#30: exiting
2025/06/30 11:10:04 [notice] 32#32: exiting
2025/06/30 11:10:04 [notice] 30#30: exit
2025/06/30 11:10:04 [notice] 33#33: exiting
2025/06/30 11:10:04 [notice] 34#34: exiting
2025/06/30 11:10:04 [notice] 31#31: exiting
2025/06/30 11:10:04 [notice] 37#37: exiting
2025/06/30 11:10:04 [notice] 36#36: exiting
2025/06/30 11:10:04 [notice] 35#35: exiting
2025/06/30 11:10:04 [notice] 35#35: exit
2025/06/30 11:10:04 [notice] 32#32: exit
2025/06/30 11:10:04 [notice] 33#33: exit
2025/06/30 11:10:04 [notice] 34#34: exit
2025/06/30 11:10:04 [notice] 31#31: exit
2025/06/30 11:10:04 [notice] 37#37: exit
2025/06/30 11:10:04 [notice] 36#36: exit
2025/06/30 11:10:04 [notice] 1#1: signal 17 (SIGCHLD) received from 30
2025/06/30 11:10:04 [notice] 1#1: worker process 30 exited with code 0
2025/06/30 11:10:04 [notice] 1#1: signal 29 (SIGIO) received
2025/06/30 11:10:04 [notice] 1#1: signal 17 (SIGCHLD) received from 31
2025/06/30 11:10:04 [notice] 1#1: worker process 31 exited with code 0
2025/06/30 11:10:04 [notice] 1#1: worker process 32 exited with code 0
2025/06/30 11:10:04 [notice] 1#1: worker process 33 exited with code 0
2025/06/30 11:10:04 [notice] 1#1: worker process 34 exited with code 0
2025/06/30 11:10:04 [notice] 1#1: worker process 35 exited with code 0
2025/06/30 11:10:04 [notice] 1#1: worker process 37 exited with code 0
2025/06/30 11:10:04 [notice] 1#1: signal 29 (SIGIO) received
2025/06/30 11:10:04 [notice] 1#1: signal 17 (SIGCHLD) received from 35
2025/06/30 11:10:04 [notice] 1#1: signal 17 (SIGCHLD) received from 36
2025/06/30 11:10:04 [notice] 1#1: worker process 36 exited with code 0
2025/06/30 11:10:04 [notice] 1#1: exit
2025/06/30 11:10:04 [notice] 1#1: using the "epoll" event method
2025/06/30 11:10:04 [notice] 1#1: nginx/1.29.0
2025/06/30 11:10:04 [notice] 1#1: built by gcc 14.2.0 (Alpine 14.2.0) 
2025/06/30 11:10:04 [notice] 1#1: OS: Linux 6.10.14-linuxkit
2025/06/30 11:10:04 [notice] 1#1: getrlimit(RLIMIT_NOFILE): 1048576:1048576
2025/06/30 11:10:04 [notice] 1#1: start worker processes
2025/06/30 11:10:04 [notice] 1#1: start worker process 30
2025/06/30 11:10:04 [notice] 1#1: start worker process 31
2025/06/30 11:10:04 [notice] 1#1: start worker process 32
2025/06/30 11:10:04 [notice] 1#1: start worker process 33
2025/06/30 11:10:04 [notice] 1#1: start worker process 34
2025/06/30 11:10:04 [notice] 1#1: start worker process 35
2025/06/30 11:10:04 [notice] 1#1: start worker process 36
2025/06/30 11:10:04 [notice] 1#1: start worker process 37
2025/06/30 11:11:43 [error] 30#30: *1 open() "/usr/share/nginx/html/favicon.ico" failed (2: No such file or directory), client: 172.18.0.1, server: localhost, request: "GET /favicon.ico HTTP/1.1", host: "dev.crypticactivist.com", referrer: "http://dev.crypticactivist.com/"
2025/06/30 11:11:57 [error] 31#31: *2 open() "/usr/share/nginx/html/favicon.ico" failed (2: No such file or directory), client: 172.18.0.1, server: localhost, request: "GET /favicon.ico HTTP/1.1", host: "dev.admin.crypticactivist.com", referrer: "http://dev.admin.crypticactivist.com/"
2025/06/30 11:12:04 [error] 32#32: *3 open() "/usr/share/nginx/html/favicon.ico" failed (2: No such file or directory), client: 172.18.0.1, server: localhost, request: "GET /favicon.ico HTTP/1.1", host: "dev.api.crypticactivist.com", referrer: "http://dev.api.crypticactivist.com/"
2025/06/30 11:13:19 [notice] 1#1: signal 15 (SIGTERM) received, exiting
2025/06/30 11:13:19 [notice] 31#31: exiting
2025/06/30 11:13:19 [notice] 32#32: exiting
2025/06/30 11:13:19 [notice] 32#32: exit
2025/06/30 11:13:19 [notice] 30#30: exiting
2025/06/30 11:13:19 [notice] 36#36: exiting
2025/06/30 11:13:19 [notice] 30#30: exit
2025/06/30 11:13:19 [notice] 35#35: exiting
2025/06/30 11:13:19 [notice] 34#34: exiting
2025/06/30 11:13:19 [notice] 33#33: exiting
2025/06/30 11:13:19 [notice] 37#37: exiting
2025/06/30 11:13:19 [notice] 31#31: exit
2025/06/30 11:13:19 [notice] 36#36: exit
2025/06/30 11:13:19 [notice] 35#35: exit
2025/06/30 11:13:19 [notice] 34#34: exit
2025/06/30 11:13:19 [notice] 33#33: exit
2025/06/30 11:13:19 [notice] 37#37: exit
2025/06/30 11:13:19 [notice] 1#1: signal 17 (SIGCHLD) received from 30
2025/06/30 11:13:19 [notice] 1#1: worker process 30 exited with code 0
2025/06/30 11:13:19 [notice] 1#1: signal 29 (SIGIO) received
2025/06/30 11:13:19 [notice] 1#1: signal 17 (SIGCHLD) received from 31
2025/06/30 11:13:19 [notice] 1#1: worker process 31 exited with code 0
2025/06/30 11:13:19 [notice] 1#1: worker process 32 exited with code 0
2025/06/30 11:13:19 [notice] 1#1: worker process 33 exited with code 0
2025/06/30 11:13:19 [notice] 1#1: worker process 34 exited with code 0
2025/06/30 11:13:19 [notice] 1#1: worker process 35 exited with code 0
2025/06/30 11:13:19 [notice] 1#1: worker process 36 exited with code 0
2025/06/30 11:13:19 [notice] 1#1: worker process 37 exited with code 0
2025/06/30 11:13:19 [notice] 1#1: exit
2025/06/30 11:13:19 [emerg] 1#1: host not found in upstream "public_green:3000" in /etc/nginx/nginx.conf:14
2025/06/30 11:14:08 [emerg] 1#1: host not found in upstream "public_green:3000" in /etc/nginx/nginx.conf:14
2025/06/30 11:14:41 [emerg] 1#1: host not found in upstream "public_green:3000" in /etc/nginx/nginx.conf:14
2025/06/30 11:15:34 [emerg] 1#1: host not found in upstream "public_green:3000" in /etc/nginx/nginx.conf:14
2025/06/30 11:17:15 [notice] 1#1: using the "epoll" event method
2025/06/30 11:17:15 [notice] 1#1: nginx/1.29.0
2025/06/30 11:17:15 [notice] 1#1: built by gcc 14.2.0 (Alpine 14.2.0) 
2025/06/30 11:17:15 [notice] 1#1: OS: Linux 6.10.14-linuxkit
2025/06/30 11:17:15 [notice] 1#1: getrlimit(RLIMIT_NOFILE): 1048576:1048576
2025/06/30 11:17:15 [notice] 1#1: start worker processes
2025/06/30 11:17:15 [notice] 1#1: start worker process 30
2025/06/30 11:17:15 [notice] 1#1: start worker process 31
2025/06/30 11:17:15 [notice] 1#1: start worker process 32
2025/06/30 11:17:15 [notice] 1#1: start worker process 33
2025/06/30 11:17:15 [notice] 1#1: start worker process 34
2025/06/30 11:17:15 [notice] 1#1: start worker process 35
2025/06/30 11:17:15 [notice] 1#1: start worker process 36
2025/06/30 11:17:15 [notice] 1#1: start worker process 37
2025/06/30 11:18:13 [notice] 1#1: signal 15 (SIGTERM) received, exiting
2025/06/30 11:18:13 [notice] 31#31: exiting
2025/06/30 11:18:13 [notice] 33#33: exiting
2025/06/30 11:18:13 [notice] 32#32: exiting
2025/06/30 11:18:13 [notice] 30#30: exiting
2025/06/30 11:18:13 [notice] 34#34: exiting
2025/06/30 11:18:13 [notice] 34#34: exit
2025/06/30 11:18:13 [notice] 35#35: exiting
2025/06/30 11:18:13 [notice] 37#37: exiting
2025/06/30 11:18:13 [notice] 36#36: exiting
2025/06/30 11:18:13 [notice] 36#36: exit
2025/06/30 11:18:13 [notice] 31#31: exit
2025/06/30 11:18:13 [notice] 33#33: exit
2025/06/30 11:18:13 [notice] 32#32: exit
2025/06/30 11:18:13 [notice] 30#30: exit
2025/06/30 11:18:13 [notice] 35#35: exit
2025/06/30 11:18:13 [notice] 37#37: exit
2025/06/30 11:18:13 [notice] 1#1: signal 17 (SIGCHLD) received from 34
2025/06/30 11:18:13 [notice] 1#1: worker process 34 exited with code 0
2025/06/30 11:18:13 [notice] 1#1: worker process 37 exited with code 0
2025/06/30 11:18:13 [notice] 1#1: signal 29 (SIGIO) received
2025/06/30 11:18:13 [notice] 1#1: signal 17 (SIGCHLD) received from 30
2025/06/30 11:18:13 [notice] 1#1: worker process 30 exited with code 0
2025/06/30 11:18:13 [notice] 1#1: worker process 31 exited with code 0
2025/06/30 11:18:13 [notice] 1#1: worker process 32 exited with code 0
2025/06/30 11:18:13 [notice] 1#1: worker process 33 exited with code 0
2025/06/30 11:18:13 [notice] 1#1: worker process 35 exited with code 0
2025/06/30 11:18:13 [notice] 1#1: worker process 36 exited with code 0
2025/06/30 11:18:13 [notice] 1#1: exit
2025/06/30 11:18:14 [notice] 1#1: using the "epoll" event method
2025/06/30 11:18:14 [notice] 1#1: nginx/1.29.0
2025/06/30 11:18:14 [notice] 1#1: built by gcc 14.2.0 (Alpine 14.2.0) 
2025/06/30 11:18:14 [notice] 1#1: OS: Linux 6.10.14-linuxkit
2025/06/30 11:18:14 [notice] 1#1: getrlimit(RLIMIT_NOFILE): 1048576:1048576
2025/06/30 11:18:14 [notice] 1#1: start worker processes
2025/06/30 11:18:14 [notice] 1#1: start worker process 30
2025/06/30 11:18:14 [notice] 1#1: start worker process 31
2025/06/30 11:18:14 [notice] 1#1: start worker process 32
2025/06/30 11:18:14 [notice] 1#1: start worker process 33
2025/06/30 11:18:14 [notice] 1#1: start worker process 34
2025/06/30 11:18:14 [notice] 1#1: start worker process 35
2025/06/30 11:18:14 [notice] 1#1: start worker process 36
2025/06/30 11:18:14 [notice] 1#1: start worker process 37
2025/06/30 11:18:42 [notice] 1#1: using the "epoll" event method
2025/06/30 11:18:42 [notice] 1#1: nginx/1.29.0
2025/06/30 11:18:42 [notice] 1#1: built by gcc 14.2.0 (Alpine 14.2.0) 
2025/06/30 11:18:42 [notice] 1#1: OS: Linux 6.10.14-linuxkit
2025/06/30 11:18:42 [notice] 1#1: getrlimit(RLIMIT_NOFILE): 1048576:1048576
2025/06/30 11:18:42 [notice] 1#1: start worker processes
2025/06/30 11:18:42 [notice] 1#1: start worker process 30
2025/06/30 11:18:42 [notice] 1#1: start worker process 31
2025/06/30 11:18:42 [notice] 1#1: start worker process 32
2025/06/30 11:18:42 [notice] 1#1: start worker process 33
2025/06/30 11:18:42 [notice] 1#1: start worker process 34
2025/06/30 11:18:42 [notice] 1#1: start worker process 35
2025/06/30 11:18:42 [notice] 1#1: start worker process 36
2025/06/30 11:18:42 [notice] 1#1: start worker process 37
2025/06/30 11:20:20 [notice] 1#1: signal 15 (SIGTERM) received, exiting
2025/06/30 11:20:20 [notice] 30#30: exiting
2025/06/30 11:20:20 [notice] 31#31: exiting
2025/06/30 11:20:20 [notice] 32#32: exiting
2025/06/30 11:20:20 [notice] 33#33: exiting
2025/06/30 11:20:20 [notice] 32#32: exit
2025/06/30 11:20:20 [notice] 34#34: exiting
2025/06/30 11:20:20 [notice] 35#35: exiting
2025/06/30 11:20:20 [notice] 34#34: exit
2025/06/30 11:20:20 [notice] 36#36: exiting
2025/06/30 11:20:20 [notice] 37#37: exiting
2025/06/30 11:20:20 [notice] 30#30: exit
2025/06/30 11:20:20 [notice] 31#31: exit
2025/06/30 11:20:20 [notice] 33#33: exit
2025/06/30 11:20:20 [notice] 35#35: exit
2025/06/30 11:20:20 [notice] 36#36: exit
2025/06/30 11:20:20 [notice] 37#37: exit
2025/06/30 11:20:20 [notice] 1#1: signal 17 (SIGCHLD) received from 34
2025/06/30 11:20:20 [notice] 1#1: worker process 32 exited with code 0
2025/06/30 11:20:20 [notice] 1#1: worker process 34 exited with code 0
2025/06/30 11:20:20 [notice] 1#1: signal 29 (SIGIO) received
2025/06/30 11:20:20 [notice] 1#1: signal 17 (SIGCHLD) received from 32
2025/06/30 11:20:20 [notice] 1#1: signal 17 (SIGCHLD) received from 31
2025/06/30 11:20:20 [notice] 1#1: worker process 30 exited with code 0
2025/06/30 11:20:20 [notice] 1#1: worker process 31 exited with code 0
2025/06/30 11:20:20 [notice] 1#1: worker process 33 exited with code 0
2025/06/30 11:20:20 [notice] 1#1: worker process 35 exited with code 0
2025/06/30 11:20:20 [notice] 1#1: signal 29 (SIGIO) received
2025/06/30 11:20:20 [notice] 1#1: signal 17 (SIGCHLD) received from 35
2025/06/30 11:20:20 [notice] 1#1: signal 17 (SIGCHLD) received from 37
2025/06/30 11:20:20 [notice] 1#1: worker process 36 exited with code 0
2025/06/30 11:20:20 [notice] 1#1: worker process 37 exited with code 0
2025/06/30 11:20:20 [notice] 1#1: exit
2025/06/30 11:20:21 [notice] 1#1: using the "epoll" event method
2025/06/30 11:20:21 [notice] 1#1: nginx/1.29.0
2025/06/30 11:20:21 [notice] 1#1: built by gcc 14.2.0 (Alpine 14.2.0) 
2025/06/30 11:20:21 [notice] 1#1: OS: Linux 6.10.14-linuxkit
2025/06/30 11:20:21 [notice] 1#1: getrlimit(RLIMIT_NOFILE): 1048576:1048576
2025/06/30 11:20:21 [notice] 1#1: start worker processes
2025/06/30 11:20:21 [notice] 1#1: start worker process 30
2025/06/30 11:20:21 [notice] 1#1: start worker process 31
2025/06/30 11:20:21 [notice] 1#1: start worker process 32
2025/06/30 11:20:21 [notice] 1#1: start worker process 33
2025/06/30 11:20:21 [notice] 1#1: start worker process 34
2025/06/30 11:20:21 [notice] 1#1: start worker process 35
2025/06/30 11:20:21 [notice] 1#1: start worker process 36
2025/06/30 11:20:21 [notice] 1#1: start worker process 37
2025/06/30 11:22:51 [notice] 1#1: signal 15 (SIGTERM) received, exiting
2025/06/30 11:22:51 [notice] 30#30: exiting
2025/06/30 11:22:51 [notice] 35#35: exiting
2025/06/30 11:22:51 [notice] 34#34: exiting
2025/06/30 11:22:51 [notice] 32#32: exiting
2025/06/30 11:22:51 [notice] 36#36: exiting
2025/06/30 11:22:51 [notice] 37#37: exiting
2025/06/30 11:22:51 [notice] 33#33: exiting
2025/06/30 11:22:51 [notice] 31#31: exiting
2025/06/30 11:22:51 [notice] 30#30: exit
2025/06/30 11:22:51 [notice] 35#35: exit
2025/06/30 11:22:51 [notice] 34#34: exit
2025/06/30 11:22:51 [notice] 32#32: exit
2025/06/30 11:22:51 [notice] 36#36: exit
2025/06/30 11:22:51 [notice] 37#37: exit
2025/06/30 11:22:51 [notice] 33#33: exit
2025/06/30 11:22:51 [notice] 31#31: exit
2025/06/30 11:22:51 [notice] 1#1: signal 17 (SIGCHLD) received from 37
2025/06/30 11:22:51 [notice] 1#1: worker process 30 exited with code 0
2025/06/30 11:22:51 [notice] 1#1: worker process 31 exited with code 0
2025/06/30 11:22:51 [notice] 1#1: worker process 32 exited with code 0
2025/06/30 11:22:51 [notice] 1#1: worker process 33 exited with code 0
2025/06/30 11:22:51 [notice] 1#1: worker process 34 exited with code 0
2025/06/30 11:22:51 [notice] 1#1: worker process 35 exited with code 0
2025/06/30 11:22:51 [notice] 1#1: worker process 36 exited with code 0
2025/06/30 11:22:51 [notice] 1#1: worker process 37 exited with code 0
2025/06/30 11:22:51 [notice] 1#1: exit
2025/06/30 11:22:51 [notice] 1#1: using the "epoll" event method
2025/06/30 11:22:51 [notice] 1#1: nginx/1.29.0
2025/06/30 11:22:51 [notice] 1#1: built by gcc 14.2.0 (Alpine 14.2.0) 
2025/06/30 11:22:51 [notice] 1#1: OS: Linux 6.10.14-linuxkit
2025/06/30 11:22:51 [notice] 1#1: getrlimit(RLIMIT_NOFILE): 1048576:1048576
2025/06/30 11:22:51 [notice] 1#1: start worker processes
2025/06/30 11:22:51 [notice] 1#1: start worker process 30
2025/06/30 11:22:51 [notice] 1#1: start worker process 31
2025/06/30 11:22:51 [notice] 1#1: start worker process 32
2025/06/30 11:22:51 [notice] 1#1: start worker process 33
2025/06/30 11:22:51 [notice] 1#1: start worker process 34
2025/06/30 11:22:51 [notice] 1#1: start worker process 35
2025/06/30 11:22:51 [notice] 1#1: start worker process 36
2025/06/30 11:22:51 [notice] 1#1: start worker process 37
2025/06/30 11:23:28 [notice] 1#1: signal 15 (SIGTERM) received, exiting
2025/06/30 11:23:28 [notice] 30#30: exiting
2025/06/30 11:23:28 [notice] 34#34: exiting
2025/06/30 11:23:28 [notice] 31#31: exiting
2025/06/30 11:23:28 [notice] 35#35: exiting
2025/06/30 11:23:28 [notice] 36#36: exiting
2025/06/30 11:23:28 [notice] 33#33: exiting
2025/06/30 11:23:28 [notice] 32#32: exiting
2025/06/30 11:23:28 [notice] 32#32: exit
2025/06/30 11:23:28 [notice] 37#37: exiting
2025/06/30 11:23:28 [notice] 30#30: exit
2025/06/30 11:23:28 [notice] 34#34: exit
2025/06/30 11:23:28 [notice] 31#31: exit
2025/06/30 11:23:28 [notice] 35#35: exit
2025/06/30 11:23:28 [notice] 36#36: exit
2025/06/30 11:23:28 [notice] 33#33: exit
2025/06/30 11:23:28 [notice] 37#37: exit
2025/06/30 11:23:28 [notice] 1#1: signal 17 (SIGCHLD) received from 31
2025/06/30 11:23:28 [notice] 1#1: worker process 30 exited with code 0
2025/06/30 11:23:28 [notice] 1#1: worker process 31 exited with code 0
2025/06/30 11:23:28 [notice] 1#1: worker process 35 exited with code 0
2025/06/30 11:23:28 [notice] 1#1: worker process 36 exited with code 0
2025/06/30 11:23:28 [notice] 1#1: signal 29 (SIGIO) received
2025/06/30 11:23:28 [notice] 1#1: signal 17 (SIGCHLD) received from 35
2025/06/30 11:23:28 [notice] 1#1: signal 17 (SIGCHLD) received from 34
2025/06/30 11:23:28 [notice] 1#1: worker process 32 exited with code 0
2025/06/30 11:23:28 [notice] 1#1: worker process 33 exited with code 0
2025/06/30 11:23:28 [notice] 1#1: worker process 34 exited with code 0
2025/06/30 11:23:28 [notice] 1#1: worker process 37 exited with code 0
2025/06/30 11:23:28 [notice] 1#1: exit
2025/06/30 11:23:29 [emerg] 1#1: host not found in upstream "public_green:3000" in /etc/nginx/nginx.conf:14
2025/06/30 11:24:03 [emerg] 1#1: host not found in upstream "public_green:3000" in /etc/nginx/nginx.conf:14
2025/06/30 11:25:40 [notice] 1#1: using the "epoll" event method
2025/06/30 11:25:40 [notice] 1#1: nginx/1.29.0
2025/06/30 11:25:40 [notice] 1#1: built by gcc 14.2.0 (Alpine 14.2.0) 
2025/06/30 11:25:40 [notice] 1#1: OS: Linux 6.10.14-linuxkit
2025/06/30 11:25:40 [notice] 1#1: getrlimit(RLIMIT_NOFILE): 1048576:1048576
2025/06/30 11:25:40 [notice] 1#1: start worker processes
2025/06/30 11:25:40 [notice] 1#1: start worker process 30
2025/06/30 11:25:40 [notice] 1#1: start worker process 31
2025/06/30 11:25:40 [notice] 1#1: start worker process 32
2025/06/30 11:25:40 [notice] 1#1: start worker process 33
2025/06/30 11:25:40 [notice] 1#1: start worker process 34
2025/06/30 11:25:40 [notice] 1#1: start worker process 35
2025/06/30 11:25:40 [notice] 1#1: start worker process 36
2025/06/30 11:25:40 [notice] 1#1: start worker process 37
2025/06/30 11:26:32 [error] 30#30: *1 open() "/usr/share/nginx/html/favicon.ico" failed (2: No such file or directory), client: 172.18.0.1, server: localhost, request: "GET /favicon.ico HTTP/1.1", host: "127.0.0.1", referrer: "http://127.0.0.1/"
